::1 - - [07/Jun/2025:19:00:31 +0000] "GET /courses HTTP/1.1" 200 305 "-" "PostmanRuntime/7.44.0"
::1 - - [07/Jun/2025:19:27:12 +0000] "POST /auth/login HTTP/1.1" 200 317 "-" "PostmanRuntime/7.44.0"
::1 - - [07/Jun/2025:19:27:54 +0000] "POST /auth/login HTTP/1.1" 200 317 "-" "PostmanRuntime/7.44.0"
::1 - - [07/Jun/2025:19:29:20 +0000] "POST /auth/login HTTP/1.1" 200 317 "-" "PostmanRuntime/7.44.0"
::1 - - [07/Jun/2025:19:39:24 +0000] "POST /auth/login HTTP/1.1" 200 317 "-" "PostmanRuntime/7.44.0"
::1 - - [07/Jun/2025:19:39:40 +0000] "POST /courses HTTP/1.1" 201 116 "-" "PostmanRuntime/7.44.0"
::1 - - [07/Jun/2025:19:39:46 +0000] "GET /courses HTTP/1.1" 200 422 "-" "PostmanRuntime/7.44.0"
::1 - - [07/Jun/2025:19:39:50 +0000] "PUT /courses/:courseId HTTP/1.1" 500 26 "-" "PostmanRuntime/7.44.0"
::1 - - [07/Jun/2025:19:40:12 +0000] "PUT /courses/:courseId HTTP/1.1" 500 26 "-" "PostmanRuntime/7.44.0"
::1 - - [07/Jun/2025:19:40:59 +0000] "PUT /courses/6844957ccdbb645043cb6edf HTTP/1.1" 200 132 "-" "PostmanRuntime/7.44.0"
::1 - - [07/Jun/2025:19:41:06 +0000] "DELETE /courses/6844957ccdbb645043cb6edf HTTP/1.1" 200 28 "-" "PostmanRuntime/7.44.0"
::1 - - [07/Jun/2025:19:42:08 +0000] "POST /student HTTP/1.1" 400 912 "-" "PostmanRuntime/7.44.0"
::1 - - [07/Jun/2025:19:42:34 +0000] "POST /student HTTP/1.1" 400 912 "-" "PostmanRuntime/7.44.0"
::1 - - [07/Jun/2025:19:43:12 +0000] "POST /student HTTP/1.1" 400 912 "-" "PostmanRuntime/7.44.0"
::1 - - [07/Jun/2025:19:46:13 +0000] "POST /student HTTP/1.1" 400 281 "-" "PostmanRuntime/7.44.0"
::1 - - [07/Jun/2025:19:46:23 +0000] "POST /student HTTP/1.1" 400 281 "-" "PostmanRuntime/7.44.0"
::1 - - [07/Jun/2025:19:46:42 +0000] "POST /student HTTP/1.1" 201 207 "-" "PostmanRuntime/7.44.0"
::1 - - [07/Jun/2025:19:47:02 +0000] "PUT /courses/6844957ccdbb645043cb6edf HTTP/1.1" 404 30 "-" "PostmanRuntime/7.44.0"
::1 - - [07/Jun/2025:19:47:19 +0000] "GET /student HTTP/1.1" 200 1069 "-" "PostmanRuntime/7.44.0"
::1 - - [07/Jun/2025:19:48:22 +0000] "PUT /student/6843464a521e7fe0948074e2 HTTP/1.1" 200 295 "-" "PostmanRuntime/7.44.0"
::1 - - [07/Jun/2025:19:49:02 +0000] "PUT /student/6843464a521e7fe0948074e2 HTTP/1.1" 200 319 "-" "PostmanRuntime/7.44.0"
::1 - - [07/Jun/2025:19:49:13 +0000] "DELETE /student/6843464a521e7fe0948074e2 HTTP/1.1" 200 29 "-" "PostmanRuntime/7.44.0"
::1 - - [07/Jun/2025:19:50:33 +0000] "PUT /courses/6843447b521e7fe0948074db%0A HTTP/1.1" 500 26 "-" "PostmanRuntime/7.44.0"
::1 - - [07/Jun/2025:19:50:49 +0000] "PUT /courses/6843447b521e7fe0948074db%0A HTTP/1.1" 500 26 "-" "PostmanRuntime/7.44.0"
::1 - - [07/Jun/2025:19:51:27 +0000] "PUT /courses/6843447b521e7fe0948074db%0A HTTP/1.1" 500 26 "-" "PostmanRuntime/7.44.0"
::1 - - [07/Jun/2025:19:51:43 +0000] "POST /courses HTTP/1.1" 201 116 "-" "PostmanRuntime/7.44.0"
::1 - - [07/Jun/2025:19:51:48 +0000] "GET /courses HTTP/1.1" 200 422 "-" "PostmanRuntime/7.44.0"
::1 - - [07/Jun/2025:19:52:38 +0000] "PUT /courses/6844984f3893a6f85219b687%0A%0A HTTP/1.1" 500 26 "-" "PostmanRuntime/7.44.0"
::1 - - [07/Jun/2025:19:52:46 +0000] "PUT /courses/6844984f3893a6f85219b687%0A%0A HTTP/1.1" 500 26 "-" "PostmanRuntime/7.44.0"
::1 - - [07/Jun/2025:19:53:05 +0000] "DELETE /courses/6844957ccdbb645043cb6edf HTTP/1.1" 404 30 "-" "PostmanRuntime/7.44.0"
::1 - - [07/Jun/2025:19:53:47 +0000] "DELETE /courses/6844957ccdbb645043cb6edf HTTP/1.1" 404 30 "-" "PostmanRuntime/7.44.0"
::1 - - [07/Jun/2025:19:54:03 +0000] "GET /courses HTTP/1.1" 200 422 "-" "PostmanRuntime/7.44.0"
::1 - - [07/Jun/2025:19:54:45 +0000] "PUT /courses/68448341070914339a19c075 HTTP/1.1" 200 125 "-" "PostmanRuntime/7.44.0"
::1 - - [07/Jun/2025:19:54:55 +0000] "DELETE /courses/68448341070914339a19c075 HTTP/1.1" 200 28 "-" "PostmanRuntime/7.44.0"
::1 - - [07/Jun/2025:20:01:33 +0000] "POST /courses HTTP/1.1" 201 116 "-" "PostmanRuntime/7.44.0"
::1 - - [07/Jun/2025:20:02:34 +0000] "PUT /courses/68449a9c3893a6f85219b691 HTTP/1.1" 200 140 "-" "PostmanRuntime/7.44.0"
::1 - - [07/Jun/2025:20:03:57 +0000] "POST /courses HTTP/1.1" 201 116 "-" "PostmanRuntime/7.44.0"
